2025-11-17 14:29:22,059 DEBUG    root            Loaded Command Group: ['gcloud', 'components']
2025-11-17 14:29:22,091 DEBUG    root            Loaded Command Group: ['gcloud', 'components', 'update']
2025-11-17 14:29:22,093 DEBUG    root            Running [gcloud.components.update] with arguments: [--quiet: "True", COMPONENT-IDS:8: "['gcloud', 'core', 'bq', 'gsutil', 'compute', 'preview', 'alpha', 'beta']"]
2025-11-17 14:29:22,094 INFO     ___FILE_ONLY___ Beginning update. This process may take several minutes.

2025-11-17 14:29:22,102 DEBUG    urllib3.connectionpool Starting new HTTPS connection (1): dl.google.com:443
2025-11-17 14:29:22,118 DEBUG    urllib3.connectionpool https://dl.google.com:443 "GET /dl/cloudsdk/channels/rapid/components-2.json HTTP/1.1" 200 24763
2025-11-17 14:29:22,130 WARNING  root            Component [compute] no longer exists.
2025-11-17 14:29:22,131 INFO     ___FILE_ONLY___ 

2025-11-17 14:29:22,131 INFO     ___FILE_ONLY___ 
Your current Google Cloud CLI version is: 547.0.0

2025-11-17 14:29:22,131 INFO     ___FILE_ONLY___ Installing components from version: 547.0.0

2025-11-17 14:29:22,131 INFO     ___FILE_ONLY___ 

2025-11-17 14:29:22,131 DEBUG    root            Chosen display Format:table[box,title="These components will be removed."](details.display_name:label=Name:align=left,version.version_string:label=Version:align=right,data.size.size(zero="",min=1048576):label=Size:align=right)
2025-11-17 14:29:22,132 DEBUG    root            Chosen display Format:table[box,title="These components will be updated."](details.display_name:label=Name:align=left,version.version_string:label=Version:align=right,data.size.size(zero="",min=1048576):label=Size:align=right)
2025-11-17 14:29:22,132 DEBUG    root            Chosen display Format:table[box,title="These components will be installed."](details.display_name:label=Name:align=left,version.version_string:label=Version:align=right,data.size.size(zero="",min=1048576):label=Size:align=right)
2025-11-17 14:29:22,148 INFO     ___FILE_ONLY___ ┌────────────────────────────────────────────────┐
2025-11-17 14:29:22,148 INFO     ___FILE_ONLY___ 

2025-11-17 14:29:22,148 INFO     ___FILE_ONLY___ │      These components will be installed.       │
2025-11-17 14:29:22,148 INFO     ___FILE_ONLY___ 

2025-11-17 14:29:22,148 INFO     ___FILE_ONLY___ ├─────────────────────────┬────────────┬─────────┤
2025-11-17 14:29:22,148 INFO     ___FILE_ONLY___ 

2025-11-17 14:29:22,148 INFO     ___FILE_ONLY___ │           Name          │  Version   │   Size  │
2025-11-17 14:29:22,148 INFO     ___FILE_ONLY___ 

2025-11-17 14:29:22,148 INFO     ___FILE_ONLY___ ├─────────────────────────┼────────────┼─────────┤
2025-11-17 14:29:22,148 INFO     ___FILE_ONLY___ 

2025-11-17 14:29:22,148 INFO     ___FILE_ONLY___ │ 
2025-11-17 14:29:22,148 INFO     ___FILE_ONLY___ gcloud Alpha Commands  
2025-11-17 14:29:22,148 INFO     ___FILE_ONLY___  
2025-11-17 14:29:22,149 INFO     ___FILE_ONLY___ │ 
2025-11-17 14:29:22,149 INFO     ___FILE_ONLY___ 2025.11.07
2025-11-17 14:29:22,149 INFO     ___FILE_ONLY___  
2025-11-17 14:29:22,149 INFO     ___FILE_ONLY___ │ 
2025-11-17 14:29:22,149 INFO     ___FILE_ONLY___ < 1 MiB
2025-11-17 14:29:22,149 INFO     ___FILE_ONLY___  
2025-11-17 14:29:22,149 INFO     ___FILE_ONLY___ │
2025-11-17 14:29:22,149 INFO     ___FILE_ONLY___ 

2025-11-17 14:29:22,149 INFO     ___FILE_ONLY___ │ 
2025-11-17 14:29:22,149 INFO     ___FILE_ONLY___ gcloud Beta Commands   
2025-11-17 14:29:22,149 INFO     ___FILE_ONLY___  
2025-11-17 14:29:22,150 INFO     ___FILE_ONLY___ │ 
2025-11-17 14:29:22,150 INFO     ___FILE_ONLY___ 2025.11.07
2025-11-17 14:29:22,150 INFO     ___FILE_ONLY___  
2025-11-17 14:29:22,150 INFO     ___FILE_ONLY___ │ 
2025-11-17 14:29:22,150 INFO     ___FILE_ONLY___ < 1 MiB
2025-11-17 14:29:22,150 INFO     ___FILE_ONLY___  
2025-11-17 14:29:22,150 INFO     ___FILE_ONLY___ │
2025-11-17 14:29:22,150 INFO     ___FILE_ONLY___ 

2025-11-17 14:29:22,150 INFO     ___FILE_ONLY___ │ 
2025-11-17 14:29:22,150 INFO     ___FILE_ONLY___ gcloud Preview Commands
2025-11-17 14:29:22,150 INFO     ___FILE_ONLY___  
2025-11-17 14:29:22,150 INFO     ___FILE_ONLY___ │ 
2025-11-17 14:29:22,151 INFO     ___FILE_ONLY___           
2025-11-17 14:29:22,151 INFO     ___FILE_ONLY___  
2025-11-17 14:29:22,151 INFO     ___FILE_ONLY___ │ 
2025-11-17 14:29:22,151 INFO     ___FILE_ONLY___ < 1 MiB
2025-11-17 14:29:22,151 INFO     ___FILE_ONLY___  
2025-11-17 14:29:22,151 INFO     ___FILE_ONLY___ │
2025-11-17 14:29:22,151 INFO     ___FILE_ONLY___ 

2025-11-17 14:29:22,151 INFO     ___FILE_ONLY___ └─────────────────────────┴────────────┴─────────┘
2025-11-17 14:29:22,151 INFO     ___FILE_ONLY___ 

2025-11-17 14:29:22,151 INFO     ___FILE_ONLY___ 

2025-11-17 14:29:22,154 DEBUG    urllib3.connectionpool Starting new HTTPS connection (1): dl.google.com:443
2025-11-17 14:29:22,166 DEBUG    urllib3.connectionpool https://dl.google.com:443 "GET /dl/cloudsdk/channels/rapid/RELEASE_NOTES HTTP/1.1" 200 339146
2025-11-17 14:29:22,667 INFO     ___FILE_ONLY___ For the latest full release notes, please visit:
  https://cloud.google.com/sdk/release_notes


2025-11-17 14:29:22,667 INFO     ___FILE_ONLY___ Performing in place update...


2025-11-17 14:29:22,670 INFO     ___FILE_ONLY___ ╔════════════════════════════════════════════════════════════╗

2025-11-17 14:29:22,670 INFO     ___FILE_ONLY___ ╠═ Downloading: gcloud Alpha Commands                       ═╣

2025-11-17 14:29:22,670 INFO     ___FILE_ONLY___ ╚
2025-11-17 14:29:22,673 DEBUG    urllib3.connectionpool Starting new HTTPS connection (1): dl.google.com:443
2025-11-17 14:29:22,682 DEBUG    urllib3.connectionpool https://dl.google.com:443 "GET /dl/cloudsdk/channels/rapid/components/google-cloud-sdk-alpha-20251107144733.tar.gz HTTP/1.1" 200 800
2025-11-17 14:29:22,682 INFO     ___FILE_ONLY___ ════════════════════════════════════════════════════════════
2025-11-17 14:29:22,683 INFO     ___FILE_ONLY___ ╝

2025-11-17 14:29:22,684 INFO     ___FILE_ONLY___ ╔════════════════════════════════════════════════════════════╗

2025-11-17 14:29:22,685 INFO     ___FILE_ONLY___ ╠═ Downloading: gcloud Beta Commands                        ═╣

2025-11-17 14:29:22,685 INFO     ___FILE_ONLY___ ╚
2025-11-17 14:29:22,687 DEBUG    urllib3.connectionpool Starting new HTTPS connection (1): dl.google.com:443
2025-11-17 14:29:22,696 DEBUG    urllib3.connectionpool https://dl.google.com:443 "GET /dl/cloudsdk/channels/rapid/components/google-cloud-sdk-beta-20251107144733.tar.gz HTTP/1.1" 200 797
2025-11-17 14:29:22,696 INFO     ___FILE_ONLY___ ════════════════════════════════════════════════════════════
2025-11-17 14:29:22,696 INFO     ___FILE_ONLY___ ╝

2025-11-17 14:29:22,698 INFO     ___FILE_ONLY___ ╔════════════════════════════════════════════════════════════╗

2025-11-17 14:29:22,698 INFO     ___FILE_ONLY___ ╠═ Downloading: gcloud Preview Commands                     ═╣

2025-11-17 14:29:22,698 INFO     ___FILE_ONLY___ ╚
2025-11-17 14:29:22,701 DEBUG    urllib3.connectionpool Starting new HTTPS connection (1): dl.google.com:443
2025-11-17 14:29:22,746 DEBUG    urllib3.connectionpool https://dl.google.com:443 "GET /dl/cloudsdk/channels/rapid/components/google-cloud-sdk-preview-20241115154308.tar.gz HTTP/1.1" 200 823
2025-11-17 14:29:22,747 INFO     ___FILE_ONLY___ ════════════════════════════════════════════════════════════
2025-11-17 14:29:22,747 INFO     ___FILE_ONLY___ ╝

2025-11-17 14:29:22,749 INFO     ___FILE_ONLY___ ╔════════════════════════════════════════════════════════════╗

2025-11-17 14:29:22,749 INFO     ___FILE_ONLY___ ╠═ Installing: gcloud Alpha Commands                        ═╣

2025-11-17 14:29:22,749 INFO     ___FILE_ONLY___ ╚
2025-11-17 14:29:22,750 INFO     ___FILE_ONLY___ ════════════════════════════════════════════════════════════
2025-11-17 14:29:22,750 INFO     ___FILE_ONLY___ ╝

2025-11-17 14:29:22,755 INFO     ___FILE_ONLY___ ╔════════════════════════════════════════════════════════════╗

2025-11-17 14:29:22,755 INFO     ___FILE_ONLY___ ╠═ Installing: gcloud Beta Commands                         ═╣

2025-11-17 14:29:22,755 INFO     ___FILE_ONLY___ ╚
2025-11-17 14:29:22,756 INFO     ___FILE_ONLY___ ════════════════════════════════════════════════════════════
2025-11-17 14:29:22,756 INFO     ___FILE_ONLY___ ╝

2025-11-17 14:29:22,761 INFO     ___FILE_ONLY___ ╔════════════════════════════════════════════════════════════╗

2025-11-17 14:29:22,761 INFO     ___FILE_ONLY___ ╠═ Installing: gcloud Preview Commands                      ═╣

2025-11-17 14:29:22,761 INFO     ___FILE_ONLY___ ╚
2025-11-17 14:29:22,762 INFO     ___FILE_ONLY___ ════════════════════════════════════════════════════════════
2025-11-17 14:29:22,762 INFO     ___FILE_ONLY___ ╝

2025-11-17 14:29:22,767 DEBUG    root            Updating notification cache...
2025-11-17 14:29:22,767 INFO     ___FILE_ONLY___ 

2025-11-17 14:29:22,769 INFO     ___FILE_ONLY___ Performing post processing steps...
2025-11-17 14:29:22,769 DEBUG    root            Executing command: ['/tools/google-cloud-sdk/bin/gcloud', 'components', 'post-process']
2025-11-17 14:29:30,914 DEBUG    ___FILE_ONLY___ 
2025-11-17 14:29:30,915 DEBUG    ___FILE_ONLY___ 
2025-11-17 14:29:31,050 INFO     root            descriptor_list: [{'universeDomain': 'googleapis.com', 'universeShortName': '', 'authenticationDomain': 'auth.cloud.google.com', 'projectPrefix': '', 'cloudWebDomain': 'cloud.google.com', 'documentationDomain': 'cloud.google.com', 'version': '1.0.0', 'state': 'primary', 'artifactRegistryDomain': 'pkg.dev'}]
2025-11-17 14:29:31,051 INFO     ___FILE_ONLY___ 
Update done!


2025-11-17 14:29:31,053 DEBUG    root            Chosen display Format:none
2025-11-17 14:29:31,053 INFO     root            Display format: "none"
